<?xml version="1.0" encoding="UTF-8"?>
<testng-results skipped="0" failed="0" ignored="2" total="3" passed="1">
  <reporter-output>
  </reporter-output>
  <suite name="Default suite" duration-ms="32" started-at="2019-01-28T00:04:12Z" finished-at="2019-01-28T00:04:12Z">
    <groups>
    </groups>
    <test name="Default test" duration-ms="32" started-at="2019-01-28T00:04:12Z" finished-at="2019-01-28T00:04:12Z">
      <class name="com.list.List">
        <test-method status="PASS" signature="loop()[pri:0, instance:com.list.List@4d95d2a2]" name="loop" duration-ms="8" started-at="2019-01-28T00:04:12Z" finished-at="2019-01-28T00:04:12Z">
          <reporter-output>
          </reporter-output>
        </test-method> <!-- loop -->
      </class> <!-- com.list.List -->
    </test> <!-- Default test -->
  </suite> <!-- Default suite -->
</testng-results>
