<?xml version="1.0" encoding="UTF-8"?>
<!-- Generated by org.testng.reporters.JUnitXMLReporter -->
<testsuite hostname="zafirahi5" ignored="2" name="Default test" tests="1" failures="0" timestamp="28 Jan 2019 00:04:12 GMT" time="0.032" errors="0">
  <testcase name="loop" time="0.008" classname="com.list.List"/>
  <testcase name="arrayList" time="0.0" classname="com.list.List">
    <ignored/>
  </testcase> <!-- arrayList -->
  <testcase name="mtry" time="0.0" classname="com.list.List">
    <ignored/>
  </testcase> <!-- mtry -->
</testsuite> <!-- Default test -->
